C51 COMPILER V9.59.0.0   SEVENSEGDIGITS                                                    02/08/2019 17:13:23 PAGE 1   


C51 COMPILER V9.59.0.0, COMPILATION OF MODULE SEVENSEGDIGITS
OBJECT MODULE PLACED IN sevenSegdigits.OBJ
COMPILER INVOKED BY: C:\Keil_v5\C51\BIN\C51.EXE sevenSegdigits.c OPTIMIZE(8,SPEED) BROWSE DEBUG OBJECTEXTEND PRINT(.\Lis
                    -tings\sevenSegdigits.lst) TABS(2)

line level    source

   1          #include<reg51.h>
   2          void delay();
   3          void main(){
   4   1        int a[10]={0xbf,0x86,0xdb,0xcf,0xe6,0xed,0xfd,0x87,0xff,0xe7};
   5   1        while(1){
   6   2          int i;
   7   2          for (i=0;i<10;i++){
   8   3            P1=a[i];
   9   3            delay();
  10   3          }
  11   2        }
  12   1      }
  13          void delay(){
  14   1        unsigned int i,j;
  15   1        for(i=0;i<1000;i++){
  16   2          for(j=0;j<1000;j++);
  17   2        }
  18   1      }


MODULE INFORMATION:   STATIC OVERLAYABLE
   CODE SIZE        =     88    ----
   CONSTANT SIZE    =     20    ----
   XDATA SIZE       =   ----    ----
   PDATA SIZE       =   ----    ----
   DATA SIZE        =   ----      22
   IDATA SIZE       =   ----    ----
   BIT SIZE         =   ----    ----
END OF MODULE INFORMATION.


C51 COMPILATION COMPLETE.  0 WARNING(S),  0 ERROR(S)
