C51 COMPILER V9.59.0.0   FLASHINGLED                                                       02/08/2019 16:27:40 PAGE 1   


C51 COMPILER V9.59.0.0, COMPILATION OF MODULE FLASHINGLED
OBJECT MODULE PLACED IN flashingled.OBJ
COMPILER INVOKED BY: C:\Keil_v5\C51\BIN\C51.EXE flashingled.c OPTIMIZE(8,SPEED) BROWSE DEBUG OBJECTEXTEND PRINT(.\Listin
                    -gs\flashingled.lst) TABS(2)

line level    source

   1          #include <reg51.h>
   2          void delay();
   3          void main(){
   4   1      while(1){
   5   2        P1=0x04;
   6   2        delay();
   7   2        P1=0x00;
   8   2        delay();
   9   2        }
  10   1      }
  11          void delay(){
  12   1        unsigned int i,j;
  13   1        for(i=0;i<1000;i++){
  14   2          for(j=0;j<1000;j++);
  15   2        }
  16   1      }


MODULE INFORMATION:   STATIC OVERLAYABLE
   CODE SIZE        =     43    ----
   CONSTANT SIZE    =   ----    ----
   XDATA SIZE       =   ----    ----
   PDATA SIZE       =   ----    ----
   DATA SIZE        =   ----    ----
   IDATA SIZE       =   ----    ----
   BIT SIZE         =   ----    ----
END OF MODULE INFORMATION.


C51 COMPILATION COMPLETE.  0 WARNING(S),  0 ERROR(S)
