C51 COMPILER V9.59.0.0   FLASHLED_C                                                        02/08/2019 16:08:08 PAGE 1   


C51 COMPILER V9.59.0.0, COMPILATION OF MODULE FLASHLED_C
OBJECT MODULE PLACED IN .\Objects\flashled_c.obj
COMPILER INVOKED BY: C:\Keil_v5\C51\BIN\C51.EXE flashled_c.c OPTIMIZE(8,SPEED) BROWSE DEBUG OBJECTEXTEND PRINT(.\Listing
                    -s\flashled_c.lst) TABS(2) OBJECT(.\Objects\flashled_c.obj)

line level    source

   1          #include <reg51.h>
   2          void delay();
   3          void main(){
   4   1      while(1){
   5   2        p1=0x04;
*** ERROR C202 IN LINE 5 OF flashled_c.c: 'p1': undefined identifier
   6   2        delay();
   7   2        p1=0x00;
*** ERROR C202 IN LINE 7 OF flashled_c.c: 'p1': undefined identifier
   8   2        }
   9   1      }
  10          void delay(){
  11   1        unsigned int i,j;
  12   1        for(i=0;i<1000;i++){
  13   2          for(j=0;j<100<j++);
*** ERROR C141 IN LINE 13 OF flashled_c.c: syntax error near ')', expected ';'
  14   2        }
  15   1      }

C51 COMPILATION COMPLETE.  0 WARNING(S),  3 ERROR(S)
