A51 MACRO ASSEMBLER  FLASHINGLED                                                          02/08/2019 15:57:03 PAGE     1


MACRO ASSEMBLER A51 V8.2.7.0
OBJECT MODULE PLACED IN .\Objects\flashingled.obj
ASSEMBLER INVOKED BY: C:\Keil_v5\C51\BIN\A51.EXE flashingled.a51 SET(SMALL) DEBUG PRINT(.\Listings\flashingled.lst) OBJE
                      CT(.\Objects\flashingled.obj) EP

LOC  OBJ            LINE     SOURCE

0000 759000            1     MOV P1,#00H
0003 D292              2     GO: SETB P1.2
0005 110D              3     ACALL DELAY
0007 C292              4     CLR P1.2
0009 110D              5     ACALL DELAY
000B 80F6              6     SJMP GO
000D 780F              7     DELAY: MOV R0,#0FH
000F 790F              8     HERE: MOV R1,#0FH
0011 D9FE              9     JUMP: DJNZ R1, JUMP
0013 D8FA             10     DJNZ R0, HERE
0015 22               11     RET
                      12     END
A51 MACRO ASSEMBLER  FLASHINGLED                                                          02/08/2019 15:57:03 PAGE     2

SYMBOL TABLE LISTING
------ ----- -------


N A M E             T Y P E  V A L U E   ATTRIBUTES

DELAY. . . . . . .  C ADDR   000DH   A   
GO . . . . . . . .  C ADDR   0003H   A   
HERE . . . . . . .  C ADDR   000FH   A   
JUMP . . . . . . .  C ADDR   0011H   A   
P1 . . . . . . . .  D ADDR   0090H   A   


REGISTER BANK(S) USED: 0 


ASSEMBLY COMPLETE.  0 WARNING(S), 0 ERROR(S)
